<?xml version="1.0" encoding="UTF-8"?>
<testsuite xmlns:xsi="http://www.w3.org/2001/XMLSchema-instance" xsi:noNamespaceSchemaLocation="https://maven.apache.org/surefire/maven-surefire-plugin/xsd/surefire-test-report.xsd" name="CurrenciesCoinStatsScrollTest" time="334.495" tests="48" errors="18" skipped="0" failures="2">
  <properties>
[...]
</properties>
  <testcase name="checkWalletsText" classname="CurrenciesCoinStatsScrollTest" time="10.066"/>
  <testcase name="checkFDVText" classname="CurrenciesCoinStatsScrollTest" time="6.758"/>
  <testcase name="checkCoinPriceNum" classname="CurrenciesCoinStatsScrollTest" time="4.801"/>
  <testcase name="checkShareBoltText" classname="CurrenciesCoinStatsScrollTest" time="7.701"/>
  <testcase name="checkUCIDPopoverText" classname="CurrenciesCoinStatsScrollTest" time="7.408">
    <error message="Не удалось выполнить проверку после нескольких попыток." type="java.lang.IllegalStateException">java.lang.IllegalStateException: Не удалось выполнить проверку после нескольких попыток.
	at CurrenciesCoinStatsScrollTest.checkUCIDPopoverText(CurrenciesCoinStatsScrollTest.java:402)
</error>
    <system-out><![CDATA[styleAttribute: :r68:
]]></system-out>
    <system-err><![CDATA[сент. 23, 2025 8:58:49 PM org.openqa.selenium.devtools.CdpVersionFinder findNearestMatch
WARNING: Unable to find CDP implementation matching 140
сент. 23, 2025 8:58:49 PM org.openqa.selenium.chromium.ChromiumDriver lambda$new$5
WARNING: Unable to find version of CDP to use for 140.0.7339.185. You may need to include a dependency on a specific version of the CDP using something similar to `org.seleniumhq.selenium:selenium-devtools-v86:4.21.0` where the version ("v86") matches the version of the chromium-based browser you're using and the version number of the artifact is the same as Selenium's.
]]></system-err>
  </testcase>
  <testcase name="checkWatchlistNum" classname="CurrenciesCoinStatsScrollTest" time="5.089"/>
  <testcase name="checkProfileScoreText" classname="CurrenciesCoinStatsScrollTest" time="6.203"/>
  <testcase name="checkTotalSupplyText" classname="CurrenciesCoinStatsScrollTest" time="5.432"/>
  <testcase name="checkMaxSupplyText" classname="CurrenciesCoinStatsScrollTest" time="6.03"/>
  <testcase name="checkShareCopyButton" classname="CurrenciesCoinStatsScrollTest" time="8.083"/>
  <testcase name="checkRatingText" classname="CurrenciesCoinStatsScrollTest" time="6.476"/>
  <testcase name="checkVolMktCap24Text" classname="CurrenciesCoinStatsScrollTest" time="6.078"/>
  <testcase name="checkOpenMarketsTab" classname="CurrenciesCoinStatsScrollTest" time="9.797">
    <error message="Не удалось выполнить проверку после нескольких попыток." type="java.lang.IllegalStateException">java.lang.IllegalStateException: Не удалось выполнить проверку после нескольких попыток.
	at CurrenciesCoinStatsScrollTest.checkOpenMarketsTab(CurrenciesCoinStatsScrollTest.java:423)
</error>
    <system-err><![CDATA[сент. 23, 2025 8:59:39 PM org.openqa.selenium.devtools.CdpVersionFinder findNearestMatch
WARNING: Unable to find CDP implementation matching 140
сент. 23, 2025 8:59:39 PM org.openqa.selenium.chromium.ChromiumDriver lambda$new$5
WARNING: Unable to find version of CDP to use for 140.0.7339.185. You may need to include a dependency on a specific version of the CDP using something similar to `org.seleniumhq.selenium:selenium-devtools-v86:4.21.0` where the version ("v86") matches the version of the chromium-based browser you're using and the version number of the artifact is the same as Selenium's.
]]></system-err>
  </testcase>
  <testcase name="checkShareLinkValue" classname="CurrenciesCoinStatsScrollTest" time="7.099"/>
  <testcase name="checkShareSmallText" classname="CurrenciesCoinStatsScrollTest" time="7.499"/>
  <testcase name="checkMaxSupplyPopoverText" classname="CurrenciesCoinStatsScrollTest" time="6.551">
    <error message="Не удалось выполнить проверку после нескольких попыток." type="java.lang.IllegalStateException">java.lang.IllegalStateException: Не удалось выполнить проверку после нескольких попыток.
	at CurrenciesCoinStatsScrollTest.checkMaxSupplyPopoverText(CurrenciesCoinStatsScrollTest.java:285)
</error>
    <system-err><![CDATA[сент. 23, 2025 9:00:04 PM org.openqa.selenium.devtools.CdpVersionFinder findNearestMatch
WARNING: Unable to find CDP implementation matching 140
сент. 23, 2025 9:00:04 PM org.openqa.selenium.chromium.ChromiumDriver lambda$new$5
WARNING: Unable to find version of CDP to use for 140.0.7339.185. You may need to include a dependency on a specific version of the CDP using something similar to `org.seleniumhq.selenium:selenium-devtools-v86:4.21.0` where the version ("v86") matches the version of the chromium-based browser you're using and the version number of the artifact is the same as Selenium's.
]]></system-err>
  </testcase>
  <testcase name="checkMarketCapPopoverText" classname="CurrenciesCoinStatsScrollTest" time="6.955">
    <error message="Не удалось выполнить проверку после нескольких попыток." type="java.lang.IllegalStateException">java.lang.IllegalStateException: Не удалось выполнить проверку после нескольких попыток.
	at CurrenciesCoinStatsScrollTest.checkMarketCapPopoverText(CurrenciesCoinStatsScrollTest.java:195)
</error>
    <system-out><![CDATA[text: [[ChromeDriver: chrome on windows (76dce497b3536b17fb388452d33bd831)] -> css selector: div[id*=':r3m:'] div[data-test='tooltip-market-cap-explainer']>div:first-child]
text: The total market value of a cryptocurrency's circulating supply. It is analogous to the free-float capitalization in the stock market.
]]></system-out>
    <system-err><![CDATA[сент. 23, 2025 9:00:10 PM org.openqa.selenium.devtools.CdpVersionFinder findNearestMatch
WARNING: Unable to find CDP implementation matching 140
сент. 23, 2025 9:00:10 PM org.openqa.selenium.chromium.ChromiumDriver lambda$new$5
WARNING: Unable to find version of CDP to use for 140.0.7339.185. You may need to include a dependency on a specific version of the CDP using something similar to `org.seleniumhq.selenium:selenium-devtools-v86:4.21.0` where the version ("v86") matches the version of the chromium-based browser you're using and the version number of the artifact is the same as Selenium's.
]]></system-err>
  </testcase>
  <testcase name="checkVolumeText" classname="CurrenciesCoinStatsScrollTest" time="4.605">
    <failure message="&#10;Expected: &quot;Volume (24h)&quot;&#10;     but: was &quot;&quot;" type="java.lang.AssertionError">java.lang.AssertionError: 

Expected: "Volume (24h)"
     but: was ""
	at CurrenciesCoinStatsScrollTest.checkVolumeText(CurrenciesCoinStatsScrollTest.java:204)
</failure>
    <system-err><![CDATA[сент. 23, 2025 9:00:17 PM org.openqa.selenium.devtools.CdpVersionFinder findNearestMatch
WARNING: Unable to find CDP implementation matching 140
сент. 23, 2025 9:00:17 PM org.openqa.selenium.chromium.ChromiumDriver lambda$new$5
WARNING: Unable to find version of CDP to use for 140.0.7339.185. You may need to include a dependency on a specific version of the CDP using something similar to `org.seleniumhq.selenium:selenium-devtools-v86:4.21.0` where the version ("v86") matches the version of the chromium-based browser you're using and the version number of the artifact is the same as Selenium's.
]]></system-err>
  </testcase>
  <testcase name="checkCoinNumber" classname="CurrenciesCoinStatsScrollTest" time="5.063"/>
  <testcase name="checkCirculatingSupplyPopoverText" classname="CurrenciesCoinStatsScrollTest" time="7.851">
    <error message="Не удалось выполнить проверку после нескольких попыток." type="java.lang.IllegalStateException">java.lang.IllegalStateException: Не удалось выполнить проверку после нескольких попыток.
	at CurrenciesCoinStatsScrollTest.checkCirculatingSupplyPopoverText(CurrenciesCoinStatsScrollTest.java:303)
</error>
    <system-err><![CDATA[сент. 23, 2025 9:00:27 PM org.openqa.selenium.devtools.CdpVersionFinder findNearestMatch
WARNING: Unable to find CDP implementation matching 140
сент. 23, 2025 9:00:27 PM org.openqa.selenium.chromium.ChromiumDriver lambda$new$5
WARNING: Unable to find version of CDP to use for 140.0.7339.185. You may need to include a dependency on a specific version of the CDP using something similar to `org.seleniumhq.selenium:selenium-devtools-v86:4.21.0` where the version ("v86") matches the version of the chromium-based browser you're using and the version number of the artifact is the same as Selenium's.
]]></system-err>
  </testcase>
  <testcase name="checkCoinSymbol" classname="CurrenciesCoinStatsScrollTest" time="4.837"/>
  <testcase name="checkVolMktCap24PopoverText" classname="CurrenciesCoinStatsScrollTest" time="6.721">
    <error message="Не удалось выполнить проверку после нескольких попыток." type="java.lang.IllegalStateException">java.lang.IllegalStateException: Не удалось выполнить проверку после нескольких попыток.
	at CurrenciesCoinStatsScrollTest.checkVolMktCap24PopoverText(CurrenciesCoinStatsScrollTest.java:249)
</error>
    <system-err><![CDATA[сент. 23, 2025 9:00:40 PM org.openqa.selenium.devtools.CdpVersionFinder findNearestMatch
WARNING: Unable to find CDP implementation matching 140
сент. 23, 2025 9:00:40 PM org.openqa.selenium.chromium.ChromiumDriver lambda$new$5
WARNING: Unable to find version of CDP to use for 140.0.7339.185. You may need to include a dependency on a specific version of the CDP using something similar to `org.seleniumhq.selenium:selenium-devtools-v86:4.21.0` where the version ("v86") matches the version of the chromium-based browser you're using and the version number of the artifact is the same as Selenium's.
]]></system-err>
  </testcase>
  <testcase name="checkTotalSupplyPopoverText" classname="CurrenciesCoinStatsScrollTest" time="6.952">
    <error message="Не удалось выполнить проверку после нескольких попыток." type="java.lang.IllegalStateException">java.lang.IllegalStateException: Не удалось выполнить проверку после нескольких попыток.
	at CurrenciesCoinStatsScrollTest.checkTotalSupplyPopoverText(CurrenciesCoinStatsScrollTest.java:267)
</error>
    <system-err><![CDATA[сент. 23, 2025 9:00:46 PM org.openqa.selenium.devtools.CdpVersionFinder findNearestMatch
WARNING: Unable to find CDP implementation matching 140
сент. 23, 2025 9:00:46 PM org.openqa.selenium.chromium.ChromiumDriver lambda$new$5
WARNING: Unable to find version of CDP to use for 140.0.7339.185. You may need to include a dependency on a specific version of the CDP using something similar to `org.seleniumhq.selenium:selenium-devtools-v86:4.21.0` where the version ("v86") matches the version of the chromium-based browser you're using and the version number of the artifact is the same as Selenium's.
]]></system-err>
  </testcase>
  <testcase name="checkCoinPercentageValue" classname="CurrenciesCoinStatsScrollTest" time="4.892"/>
  <testcase name="checkProfileScorePopoverText" classname="CurrenciesCoinStatsScrollTest" time="6.845">
    <error message="Не удалось выполнить проверку после нескольких попыток." type="java.lang.IllegalStateException">java.lang.IllegalStateException: Не удалось выполнить проверку после нескольких попыток.
	at CurrenciesCoinStatsScrollTest.checkProfileScorePopoverText(CurrenciesCoinStatsScrollTest.java:339)
</error>
    <system-err><![CDATA[сент. 23, 2025 9:00:58 PM org.openqa.selenium.devtools.CdpVersionFinder findNearestMatch
WARNING: Unable to find CDP implementation matching 140
сент. 23, 2025 9:00:58 PM org.openqa.selenium.chromium.ChromiumDriver lambda$new$5
WARNING: Unable to find version of CDP to use for 140.0.7339.185. You may need to include a dependency on a specific version of the CDP using something similar to `org.seleniumhq.selenium:selenium-devtools-v86:4.21.0` where the version ("v86") matches the version of the chromium-based browser you're using and the version number of the artifact is the same as Selenium's.
]]></system-err>
  </testcase>
  <testcase name="checkLogoURL" classname="CurrenciesCoinStatsScrollTest" time="4.784"/>
  <testcase name="checkOpenNewsTab" classname="CurrenciesCoinStatsScrollTest" time="8.498">
    <error message="Не удалось выполнить проверку после нескольких попыток." type="java.lang.IllegalStateException">java.lang.IllegalStateException: Не удалось выполнить проверку после нескольких попыток.
	at CurrenciesCoinStatsScrollTest.checkOpenNewsTab(CurrenciesCoinStatsScrollTest.java:433)
</error>
    <system-err><![CDATA[сент. 23, 2025 9:01:10 PM org.openqa.selenium.devtools.CdpVersionFinder findNearestMatch
WARNING: Unable to find CDP implementation matching 140
сент. 23, 2025 9:01:10 PM org.openqa.selenium.chromium.ChromiumDriver lambda$new$5
WARNING: Unable to find version of CDP to use for 140.0.7339.185. You may need to include a dependency on a specific version of the CDP using something similar to `org.seleniumhq.selenium:selenium-devtools-v86:4.21.0` where the version ("v86") matches the version of the chromium-based browser you're using and the version number of the artifact is the same as Selenium's.
]]></system-err>
  </testcase>
  <testcase name="checkCirculatingSupplyVerIconPopoverText" classname="CurrenciesCoinStatsScrollTest" time="6.543">
    <error message="Не удалось выполнить проверку после нескольких попыток." type="java.lang.IllegalStateException">java.lang.IllegalStateException: Не удалось выполнить проверку после нескольких попыток.
	at CurrenciesCoinStatsScrollTest.checkCirculatingSupplyVerIconPopoverText(CurrenciesCoinStatsScrollTest.java:321)
</error>
    <system-err><![CDATA[сент. 23, 2025 9:01:18 PM org.openqa.selenium.devtools.CdpVersionFinder findNearestMatch
WARNING: Unable to find CDP implementation matching 140
сент. 23, 2025 9:01:18 PM org.openqa.selenium.chromium.ChromiumDriver lambda$new$5
WARNING: Unable to find version of CDP to use for 140.0.7339.185. You may need to include a dependency on a specific version of the CDP using something similar to `org.seleniumhq.selenium:selenium-devtools-v86:4.21.0` where the version ("v86") matches the version of the chromium-based browser you're using and the version number of the artifact is the same as Selenium's.
]]></system-err>
  </testcase>
  <testcase name="checkMarketCapText" classname="CurrenciesCoinStatsScrollTest" time="4.832">
    <failure message="&#10;Expected: &quot;Market cap&quot;&#10;     but: was &quot;&quot;" type="java.lang.AssertionError">java.lang.AssertionError: 

Expected: "Market cap"
     but: was ""
	at CurrenciesCoinStatsScrollTest.checkMarketCapText(CurrenciesCoinStatsScrollTest.java:186)
</failure>
    <system-err><![CDATA[сент. 23, 2025 9:01:25 PM org.openqa.selenium.devtools.CdpVersionFinder findNearestMatch
WARNING: Unable to find CDP implementation matching 140
сент. 23, 2025 9:01:25 PM org.openqa.selenium.chromium.ChromiumDriver lambda$new$5
WARNING: Unable to find version of CDP to use for 140.0.7339.185. You may need to include a dependency on a specific version of the CDP using something similar to `org.seleniumhq.selenium:selenium-devtools-v86:4.21.0` where the version ("v86") matches the version of the chromium-based browser you're using and the version number of the artifact is the same as Selenium's.
]]></system-err>
  </testcase>
  <testcase name="checkFDVPopoverText" classname="CurrenciesCoinStatsScrollTest" time="16.471">
    <error message="Не удалось выполнить проверку после нескольких попыток." type="java.lang.IllegalStateException">java.lang.IllegalStateException: Не удалось выполнить проверку после нескольких попыток.
	at CurrenciesCoinStatsScrollTest.checkFDVPopoverText(CurrenciesCoinStatsScrollTest.java:231)
</error>
    <system-out><![CDATA[text: [[ChromeDriver: chrome on windows (685e5206b24edb0e591486ed0578a991)] -> css selector: div[id*=':r45:'] div[data-test='tooltip-fully-diluted-mcap-explainer'] div:first-child]
text: The market cap if the max supply was in circulation.
]]></system-out>
    <system-err><![CDATA[сент. 23, 2025 9:01:30 PM org.openqa.selenium.devtools.CdpVersionFinder findNearestMatch
WARNING: Unable to find CDP implementation matching 140
сент. 23, 2025 9:01:30 PM org.openqa.selenium.chromium.ChromiumDriver lambda$new$5
WARNING: Unable to find version of CDP to use for 140.0.7339.185. You may need to include a dependency on a specific version of the CDP using something similar to `org.seleniumhq.selenium:selenium-devtools-v86:4.21.0` where the version ("v86") matches the version of the chromium-based browser you're using and the version number of the artifact is the same as Selenium's.
Произошла ошибка, не связанная с StaleElement: no such element: Unable to locate element: {"method":"css selector","selector":"div[id*=':r45:'] div[data-test='tooltip-volume-explainer'] div:nth-child(3)"}
  (Session info: chrome=140.0.7339.185)
For documentation on this error, please visit: https://www.selenium.dev/documentation/webdriver/troubleshooting/errors#no-such-element-exception
Build info: version: '4.21.0', revision: '79ed462ef4'
System info: os.name: 'Windows 11', os.arch: 'amd64', os.version: '10.0', java.version: '11.0.23'
Driver info: org.openqa.selenium.chrome.ChromeDriver
Command: [685e5206b24edb0e591486ed0578a991, findElement {value=div[id*=':r45:'] div[data-test='tooltip-volume-explainer'] div:nth-child(3), using=css selector}]
Capabilities {acceptInsecureCerts: false, browserName: chrome, browserVersion: 140.0.7339.185, chrome: {chromedriverVersion: 140.0.7339.185 (eeea00e459e..., userDataDir: C:\Users\meshe\AppData\Loca...}, fedcm:accounts: true, goog:chromeOptions: {debuggerAddress: localhost:5982}, networkConnectionEnabled: false, pageLoadStrategy: normal, platformName: windows, proxy: Proxy(), se:cdp: ws://localhost:5982/devtool..., se:cdpVersion: 140.0.7339.185, setWindowRect: true, strictFileInteractability: false, timeouts: {implicit: 0, pageLoad: 300000, script: 30000}, unhandledPromptBehavior: dismiss and notify, webauthn:extension:credBlob: true, webauthn:extension:largeBlob: true, webauthn:extension:minPinLength: true, webauthn:extension:prf: true, webauthn:virtualAuthenticators: true}
Session ID: 685e5206b24edb0e591486ed0578a991
]]></system-err>
  </testcase>
  <testcase name="checkOpenMarketCyclesTab" classname="CurrenciesCoinStatsScrollTest" time="7.415">
    <error message="Не удалось выполнить проверку после нескольких попыток." type="java.lang.IllegalStateException">java.lang.IllegalStateException: Не удалось выполнить проверку после нескольких попыток.
	at CurrenciesCoinStatsScrollTest.checkOpenMarketCyclesTab(CurrenciesCoinStatsScrollTest.java:453)
</error>
    <system-err><![CDATA[сент. 23, 2025 9:01:46 PM org.openqa.selenium.devtools.CdpVersionFinder findNearestMatch
WARNING: Unable to find CDP implementation matching 140
сент. 23, 2025 9:01:46 PM org.openqa.selenium.chromium.ChromiumDriver lambda$new$5
WARNING: Unable to find version of CDP to use for 140.0.7339.185. You may need to include a dependency on a specific version of the CDP using something similar to `org.seleniumhq.selenium:selenium-devtools-v86:4.21.0` where the version ("v86") matches the version of the chromium-based browser you're using and the version number of the artifact is the same as Selenium's.
]]></system-err>
  </testcase>
  <testcase name="checkWebsiteText" classname="CurrenciesCoinStatsScrollTest" time="7.311"/>
  <testcase name="checkCirculatingSupplyVerIcon" classname="CurrenciesCoinStatsScrollTest" time="6.649"/>
  <testcase name="checkSocialsText" classname="CurrenciesCoinStatsScrollTest" time="7.079"/>
  <testcase name="checkExplorersText" classname="CurrenciesCoinStatsScrollTest" time="7.291"/>
  <testcase name="checkOpenChartTab" classname="CurrenciesCoinStatsScrollTest" time="8.797">
    <error message="element click intercepted: Element is not clickable at point (482, -1585)&#10;  (Session info: chrome=140.0.7339.185)&#10;Build info: version: &apos;4.21.0&apos;, revision: &apos;79ed462ef4&apos;&#10;System info: os.name: &apos;Windows 11&apos;, os.arch: &apos;amd64&apos;, os.version: &apos;10.0&apos;, java.version: &apos;11.0.23&apos;&#10;Driver info: org.openqa.selenium.chrome.ChromeDriver&#10;Command: [a6127da0f3bce6ebd296a920e513da5e, clickElement {id=f.CFEB6AB640278EA9625405788CCB5513.d.DA51583B3D7AA6E1AD08CB7541E46F95.e.126}]&#10;Capabilities {acceptInsecureCerts: false, browserName: chrome, browserVersion: 140.0.7339.185, chrome: {chromedriverVersion: 140.0.7339.185 (eeea00e459e..., userDataDir: C:\Users\meshe\AppData\Loca...}, fedcm:accounts: true, goog:chromeOptions: {debuggerAddress: localhost:13339}, networkConnectionEnabled: false, pageLoadStrategy: normal, platformName: windows, proxy: Proxy(), se:cdp: ws://localhost:13339/devtoo..., se:cdpVersion: 140.0.7339.185, setWindowRect: true, strictFileInteractability: false, timeouts: {implicit: 0, pageLoad: 300000, script: 30000}, unhandledPromptBehavior: dismiss and notify, webauthn:extension:credBlob: true, webauthn:extension:largeBlob: true, webauthn:extension:minPinLength: true, webauthn:extension:prf: true, webauthn:virtualAuthenticators: true}&#10;Element: [[ChromeDriver: chrome on windows (a6127da0f3bce6ebd296a920e513da5e)] -&gt; css selector: div[data-test=&apos;section-chart&apos;] div[class*=&apos;fadestyle-gradient&apos;]:first-child li[data-index=&apos;tab-marketCap&apos;]&gt;div&gt;div&gt;h5]&#10;Session ID: a6127da0f3bce6ebd296a920e513da5e" type="org.openqa.selenium.ElementClickInterceptedException">org.openqa.selenium.ElementClickInterceptedException: 
element click intercepted: Element is not clickable at point (482, -1585)
  (Session info: chrome=140.0.7339.185)
Build info: version: '4.21.0', revision: '79ed462ef4'
System info: os.name: 'Windows 11', os.arch: 'amd64', os.version: '10.0', java.version: '11.0.23'
Driver info: org.openqa.selenium.chrome.ChromeDriver
Command: [a6127da0f3bce6ebd296a920e513da5e, clickElement {id=f.CFEB6AB640278EA9625405788CCB5513.d.DA51583B3D7AA6E1AD08CB7541E46F95.e.126}]
Capabilities {acceptInsecureCerts: false, browserName: chrome, browserVersion: 140.0.7339.185, chrome: {chromedriverVersion: 140.0.7339.185 (eeea00e459e..., userDataDir: C:\Users\meshe\AppData\Loca...}, fedcm:accounts: true, goog:chromeOptions: {debuggerAddress: localhost:13339}, networkConnectionEnabled: false, pageLoadStrategy: normal, platformName: windows, proxy: Proxy(), se:cdp: ws://localhost:13339/devtoo..., se:cdpVersion: 140.0.7339.185, setWindowRect: true, strictFileInteractability: false, timeouts: {implicit: 0, pageLoad: 300000, script: 30000}, unhandledPromptBehavior: dismiss and notify, webauthn:extension:credBlob: true, webauthn:extension:largeBlob: true, webauthn:extension:minPinLength: true, webauthn:extension:prf: true, webauthn:virtualAuthenticators: true}
Element: [[ChromeDriver: chrome on windows (a6127da0f3bce6ebd296a920e513da5e)] -> css selector: div[data-test='section-chart'] div[class*='fadestyle-gradient']:first-child li[data-index='tab-marketCap']>div>div>h5]
Session ID: a6127da0f3bce6ebd296a920e513da5e
	at CurrenciesCoinStatsScrollTest.checkOpenChartTab(CurrenciesCoinStatsScrollTest.java:413)
</error>
    <system-err><![CDATA[сент. 23, 2025 9:02:22 PM org.openqa.selenium.devtools.CdpVersionFinder findNearestMatch
WARNING: Unable to find CDP implementation matching 140
сент. 23, 2025 9:02:22 PM org.openqa.selenium.chromium.ChromiumDriver lambda$new$5
WARNING: Unable to find version of CDP to use for 140.0.7339.185. You may need to include a dependency on a specific version of the CDP using something similar to `org.seleniumhq.selenium:selenium-devtools-v86:4.21.0` where the version ("v86") matches the version of the chromium-based browser you're using and the version number of the artifact is the same as Selenium's.
]]></system-err>
  </testcase>
  <testcase name="checkVolumePopoverText" classname="CurrenciesCoinStatsScrollTest" time="7.445">
    <error message="Не удалось выполнить проверку после нескольких попыток." type="java.lang.IllegalStateException">java.lang.IllegalStateException: Не удалось выполнить проверку после нескольких попыток.
	at CurrenciesCoinStatsScrollTest.checkVolumePopoverText(CurrenciesCoinStatsScrollTest.java:213)
</error>
    <system-out><![CDATA[text: [[ChromeDriver: chrome on windows (50871a66abbbc9a0edf6693834c519af)] -> css selector: div[id*=':r3v:'] div[data-test='tooltip-volume-explainer'] div]
text: A measure of how much of a cryptocurrency was traded in the last 24 hours.
]]></system-out>
    <system-err><![CDATA[сент. 23, 2025 9:02:31 PM org.openqa.selenium.devtools.CdpVersionFinder findNearestMatch
WARNING: Unable to find CDP implementation matching 140
сент. 23, 2025 9:02:31 PM org.openqa.selenium.chromium.ChromiumDriver lambda$new$5
WARNING: Unable to find version of CDP to use for 140.0.7339.185. You may need to include a dependency on a specific version of the CDP using something similar to `org.seleniumhq.selenium:selenium-devtools-v86:4.21.0` where the version ("v86") matches the version of the chromium-based browser you're using and the version number of the artifact is the same as Selenium's.
]]></system-err>
  </testcase>
  <testcase name="checkShareLinkImg" classname="CurrenciesCoinStatsScrollTest" time="7.45"/>
  <testcase name="checkOpenAboutTab" classname="CurrenciesCoinStatsScrollTest" time="7.479">
    <error message="Не удалось выполнить проверку после нескольких попыток." type="java.lang.IllegalStateException">java.lang.IllegalStateException: Не удалось выполнить проверку после нескольких попыток.
	at CurrenciesCoinStatsScrollTest.checkOpenAboutTab(CurrenciesCoinStatsScrollTest.java:463)
</error>
    <system-err><![CDATA[сент. 23, 2025 9:02:46 PM org.openqa.selenium.devtools.CdpVersionFinder findNearestMatch
WARNING: Unable to find CDP implementation matching 140
сент. 23, 2025 9:02:46 PM org.openqa.selenium.chromium.ChromiumDriver lambda$new$5
WARNING: Unable to find version of CDP to use for 140.0.7339.185. You may need to include a dependency on a specific version of the CDP using something similar to `org.seleniumhq.selenium:selenium-devtools-v86:4.21.0` where the version ("v86") matches the version of the chromium-based browser you're using and the version number of the artifact is the same as Selenium's.
]]></system-err>
  </testcase>
  <testcase name="checkTextOnCoinWatchlistToolTipPart1" classname="CurrenciesCoinStatsScrollTest" time="7.197">
    <error message="Не удалось выполнить проверку после нескольких попыток." type="java.lang.IllegalStateException">java.lang.IllegalStateException: Не удалось выполнить проверку после нескольких попыток.
	at CurrenciesCoinStatsScrollTest.checkTextOnCoinWatchlistToolTipPart1(CurrenciesCoinStatsScrollTest.java:85)
</error>
    <system-err><![CDATA[сент. 23, 2025 9:02:53 PM org.openqa.selenium.devtools.CdpVersionFinder findNearestMatch
WARNING: Unable to find CDP implementation matching 140
сент. 23, 2025 9:02:53 PM org.openqa.selenium.chromium.ChromiumDriver lambda$new$5
WARNING: Unable to find version of CDP to use for 140.0.7339.185. You may need to include a dependency on a specific version of the CDP using something similar to `org.seleniumhq.selenium:selenium-devtools-v86:4.21.0` where the version ("v86") matches the version of the chromium-based browser you're using and the version number of the artifact is the same as Selenium's.
]]></system-err>
  </testcase>
  <testcase name="checkTextOnCoinNumToolTip" classname="CurrenciesCoinStatsScrollTest" time="7.283">
    <error message="Не удалось выполнить проверку после нескольких попыток." type="java.lang.IllegalStateException">java.lang.IllegalStateException: Не удалось выполнить проверку после нескольких попыток.
	at CurrenciesCoinStatsScrollTest.checkTextOnCoinNumToolTip(CurrenciesCoinStatsScrollTest.java:58)
</error>
    <system-err><![CDATA[сент. 23, 2025 9:03:00 PM org.openqa.selenium.devtools.CdpVersionFinder findNearestMatch
WARNING: Unable to find CDP implementation matching 140
сент. 23, 2025 9:03:00 PM org.openqa.selenium.chromium.ChromiumDriver lambda$new$5
WARNING: Unable to find version of CDP to use for 140.0.7339.185. You may need to include a dependency on a specific version of the CDP using something similar to `org.seleniumhq.selenium:selenium-devtools-v86:4.21.0` where the version ("v86") matches the version of the chromium-based browser you're using and the version number of the artifact is the same as Selenium's.
]]></system-err>
  </testcase>
  <testcase name="checkShareLinkText" classname="CurrenciesCoinStatsScrollTest" time="7.209"/>
  <testcase name="checkUCIDText" classname="CurrenciesCoinStatsScrollTest" time="7.006"/>
  <testcase name="checkShareImg" classname="CurrenciesCoinStatsScrollTest" time="7.801"/>
  <testcase name="checkWatchlistLink" classname="CurrenciesCoinStatsScrollTest" time="4.886"/>
  <testcase name="checkCoinName" classname="CurrenciesCoinStatsScrollTest" time="4.42"/>
  <testcase name="checkCirculatingSupplyText" classname="CurrenciesCoinStatsScrollTest" time="6.375"/>
  <testcase name="checkOpenYieldTab" classname="CurrenciesCoinStatsScrollTest" time="8.382">
    <error message="Не удалось выполнить проверку после нескольких попыток." type="java.lang.IllegalStateException">java.lang.IllegalStateException: Не удалось выполнить проверку после нескольких попыток.
	at CurrenciesCoinStatsScrollTest.checkOpenYieldTab(CurrenciesCoinStatsScrollTest.java:443)
</error>
    <system-err><![CDATA[сент. 23, 2025 9:03:45 PM org.openqa.selenium.devtools.CdpVersionFinder findNearestMatch
WARNING: Unable to find CDP implementation matching 140
сент. 23, 2025 9:03:45 PM org.openqa.selenium.chromium.ChromiumDriver lambda$new$5
WARNING: Unable to find version of CDP to use for 140.0.7339.185. You may need to include a dependency on a specific version of the CDP using something similar to `org.seleniumhq.selenium:selenium-devtools-v86:4.21.0` where the version ("v86") matches the version of the chromium-based browser you're using and the version number of the artifact is the same as Selenium's.
]]></system-err>
  </testcase>
</testsuite>