<?xml version="1.0" encoding="UTF-8"?>
<testsuite xmlns:xsi="http://www.w3.org/2001/XMLSchema-instance" xsi:noNamespaceSchemaLocation="https://maven.apache.org/surefire/maven-surefire-plugin/xsd/surefire-test-report.xsd" name="MainHeaderLeftPartTest" time="140.35" tests="32" errors="0" skipped="0" failures="0">
  <properties>
[...]
</properties>
  <testcase name="checkTextOnLeaderboardsSection" classname="MainHeaderLeftPartTest" time="3.712"/>
  <testcase name="checkTextOnMarketOverviewLink" classname="MainHeaderLeftPartTest" time="3.792"/>
  <testcase name="successOpenChainRanking" classname="MainHeaderLeftPartTest" time="4.511"/>
  <testcase name="checkTextOnMarketOverviewSection" classname="MainHeaderLeftPartTest" time="3.488"/>
  <testcase name="successOpenUpcoming" classname="MainHeaderLeftPartTest" time="4.156"/>
  <testcase name="successOpenTrending" classname="MainHeaderLeftPartTest" time="4.927"/>
  <testcase name="checkTextOnHistoricalSnapshotsLink" classname="MainHeaderLeftPartTest" time="3.993"/>
  <testcase name="checkTextOnTokenUnlocksLink" classname="MainHeaderLeftPartTest" time="3.797"/>
  <testcase name="checkTextOnYieldLink" classname="MainHeaderLeftPartTest" time="4.079"/>
  <testcase name="checkTextOnCryptocurrenciesButton" classname="MainHeaderLeftPartTest" time="3.399"/>
  <testcase name="checkTextOnTrendingLink" classname="MainHeaderLeftPartTest" time="3.473"/>
  <testcase name="checkTextOnChainRankingLink" classname="MainHeaderLeftPartTest" time="3.868"/>
  <testcase name="checkTextOnCommunitySentimentLink" classname="MainHeaderLeftPartTest" time="3.706"/>
  <testcase name="checkTextOnRankingLink" classname="MainHeaderLeftPartTest" time="3.939"/>
  <testcase name="successOpenMarketOverview" classname="MainHeaderLeftPartTest" time="5.138"/>
  <testcase name="countLeaderboardsSectionListSize" classname="MainHeaderLeftPartTest" time="3.608"/>
  <testcase name="checkTextOnUpcomingLink" classname="MainHeaderLeftPartTest" time="4.111"/>
  <testcase name="successFollowRankingLink" classname="MainHeaderLeftPartTest" time="8.244"/>
  <testcase name="checkTextOnCategoriesLink" classname="MainHeaderLeftPartTest" time="3.557"/>
  <testcase name="successOpenCommunitySentiment" classname="MainHeaderLeftPartTest" time="4.664"/>
  <testcase name="countCryptocurrenciesMenuListSize" classname="MainHeaderLeftPartTest" time="3.44"/>
  <testcase name="checkTextOnGainersLosersLink" classname="MainHeaderLeftPartTest" time="3.722"/>
  <testcase name="successOpenTokenUnlocks" classname="MainHeaderLeftPartTest" time="4.833"/>
  <testcase name="successOpenCryptocurrencies" classname="MainHeaderLeftPartTest" time="5.955"/>
  <testcase name="successOpenMostVisited" classname="MainHeaderLeftPartTest" time="5.731"/>
  <testcase name="checkTextOnMostVisitedLink" classname="MainHeaderLeftPartTest" time="4.006"/>
  <testcase name="successOpenHistoricalSnapshots" classname="MainHeaderLeftPartTest" time="4.819"/>
  <testcase name="successOpenGainersLosers" classname="MainHeaderLeftPartTest" time="4.907"/>
  <testcase name="countMarketOverviewListSize" classname="MainHeaderLeftPartTest" time="3.834"/>
  <testcase name="checkTextOnRecentlyAddedLink" classname="MainHeaderLeftPartTest" time="3.969"/>
  <testcase name="successOpenYield" classname="MainHeaderLeftPartTest" time="5.261"/>
  <testcase name="successOpenRecentlyAdded" classname="MainHeaderLeftPartTest" time="5.656"/>
</testsuite>