<?xml version="1.0" encoding="UTF-8"?>
<testsuite xmlns:xsi="http://www.w3.org/2001/XMLSchema-instance" xsi:noNamespaceSchemaLocation="https://maven.apache.org/surefire/maven-surefire-plugin/xsd/surefire-test-report.xsd" name="APICategoriesTest" time="16.202" tests="15" errors="0" skipped="0" failures="6">
  <properties>
[...]
</properties>
  <testcase name="successGetCategories" classname="APICategoriesTest" time="4.051"/>
  <testcase name="checkManyParamId" classname="APICategoriesTest" time="1.362"/>
  <testcase name="GetCategoriesWithError" classname="APICategoriesTest" time="0.769"/>
  <testcase name="Get403ErrorTest" classname="APICategoriesTest" time="0.324"/>
  <testcase name="checkParamId" classname="APICategoriesTest" time="0.816"/>
  <testcase name="checkParamSymbol" classname="APICategoriesTest" time="0.408"/>
  <testcase name="checkParamSlug" classname="APICategoriesTest" time="0.375">
    <failure message="&#10;Expected: &lt;12&gt;&#10;     but: was &lt;13&gt;" type="java.lang.AssertionError"><![CDATA[java.lang.AssertionError: 

Expected: <12>
     but: was <13>
	at APICategoriesTest.checkParamSlug(APICategoriesTest.java:180)
]]></failure>
    <system-out><![CDATA[Request URI:	https://pro-api.coinmarketcap.com/v1/cryptocurrency/categories?slug=solana
HTTP/1.1 200 OK
Content-Type: application/json; charset=utf-8
Transfer-Encoding: chunked
Connection: keep-alive
Date: Tue, 23 Sep 2025 17:58:10 GMT
Referrer-Policy: origin-when-cross-origin
Strict-Transport-Security: max-age=31536000; includeSubdomains
Server: Tengine
Vary: Accept-Encoding
Vary: origin,accept-encoding
Cache-Control: no-cache
Content-Encoding: gzip
X-Traefik-Route: coinmarketcap-pro-apis
X-Frame-Options: SAMEORIGIN
X-Xss-Protection: 1; mode=block
X-Content-Type-Options: nosniff
X-Cache: Miss from cloudfront
Via: 1.1 c95e280577ce7534f320cdc9663d6416.cloudfront.net (CloudFront)
X-Amz-Cf-Pop: BKK51-P1
X-Amz-Cf-Id: t51Mg1yn8G5I2izU6jnQt-agsNin_J3FkLiRrAAXcub5dnKAYKkItQ==

{
    "status": {
        "timestamp": "2025-09-23T17:58:10.018Z",
        "error_code": 0,
        "error_message": null,
        "elapsed": 41,
        "credit_count": 1,
        "notice": null
    },
    "data": [
        {
            "id": "6825fdf884b53e60df77be0a",
            "name": "Binance Ecosystem",
            "title": "Binance Ecosystem",
            "description": "Binance Ecosystem",
            "num_tokens": 780,
            "avg_price_change": -0.2212347406433937,
            "market_cap": 3869878449377.4707,
            "market_cap_change": -0.188776461965,
            "volume": 307115470357.7803,
            "volume_change": -27.742824277414,
            "last_updated": "2025-06-03T11:56:35.681Z"
        },
        {
            "id": "67c514446feebc2b5bcc23f1",
            "name": "US Strategic Crypto Reserve",
            "title": "US Strategic Crypto Reserve",
            "description": "US Strategic Crypto Reserve",
            "num_tokens": 5,
            "avg_price_change": -0.5150448673636179,
            "market_cap": 3055283911481.6187,
            "market_cap_change": -0.422903787393,
            "volume": 95259785798.32527,
            "volume_change": -31.483761383276,
            "last_updated": "2025-03-03T02:32:19.577Z"
        },
        {
            "id": "678ded1251eda549b5afd3fe",
            "name": "Made in America",
            "title": "Made in America",
            "description": "Made in America",
            "num_tokens": 147,
            "avg_price_change": 0.0693698113204624,
            "market_cap": 577812693909.6989,
            "market_cap_change": -0.284227449216,
            "volume": 47601813632.99677,
            "volume_change": -30.403146415905,
            "last_updated": "2025-03-03T02:32:19.579Z"
        },
        {
            "id": "65e92dbe01dd0a13fd969b89",
            "name": "CMC Crypto Awards 2024",
            "title": "CMC Crypto Awards 2024",
            "description": "CMC Crypto Awards 2024",
            "num_tokens": 4,
            "avg_price_change": -1.787107524912109,
            "market_cap": 125777047791.35292,
            "market_cap_change": -1.847979118471,
            "volume": 8102445064.088996,
            "volume_change": -33.688307972338,
            "last_updated": "2024-09-14T06:44:51.748Z"
        },
        {
            "id": "64b01bff8610a065fa40bc56",
            "name": "Alleged SEC Securities",
            "title": "Alleged SEC Securities",
            "description": "Alleged SEC Securities",
            "num_tokens": 64,
            "avg_price_change": -0.3144287903863519,
            "market_cap": 338093892741.8504,
            "market_cap_change": 0.179956233125,
            "volume": 14656405058.02386,
            "volume_change": -30.730473280859,
            "last_updated": "2023-08-09T02:59:25.115Z"
        },
        {
            "id": "6437284985f6a3507d5fd57d",
            "name": "FTX Bankruptcy Estate ",
            "title": "FTX Bankruptcy Estate ",
            "description": "FTX Bankruptcy Estate ",
            "num_tokens": 26,
            "avg_price_change": -0.5000406193986959,
            "market_cap": 3089564696228.8706,
            "market_cap_change": -0.413683303921,
            "volume": 97810417821.17693,
            "volume_change": -31.737554531587,
            "last_updated": "2023-09-09T20:39:55.222Z"
        },
        {
            "id": "6433de7df79a2653906cd680",
            "name": "Layer 1",
            "title": "Layer 1",
            "description": "Layer 1",
            "num_tokens": 144,
            "avg_price_change": -0.07786024471398825,
            "market_cap": 3207867257826.086,
            "market_cap_change": -0.312465610021,
            "volume": 106518346932.68134,
            "volume_change": -28.54273942847,
            "last_updated": "2023-08-09T13:42:57.369Z"
        },
        {
            "id": "61e65c64b3eb6864243277d7",
            "name": "OKX Ventures Portfolio",
            "title": "OKX Ventures Portfolio",
            "description": "OKX Ventures Portfolio",
            "num_tokens": 102,
            "avg_price_change": 2.183131349428464,
            "market_cap": 125378908354.14447,
            "market_cap_change": -1.660512488843,
            "volume": 11884672302.958904,
            "volume_change": -24.959633639343,
            "last_updated": "2024-03-12T07:22:17.848Z"
        },
        {
            "id": "61a461f8f13c3c06383f4224",
            "name": "Kenetic Capital Portfolio",
            "title": "Kenetic Capital Portfolio",
            "description": "Kenetic Capital Portfolio",
            "num_tokens": 58,
            "avg_price_change": -0.7383401942936697,
            "market_cap": 644380625644.5074,
            "market_cap_change": -0.708131147937,
            "volume": 41899356290.31828,
            "volume_change": -37.582037263736,
            "last_updated": "2022-08-08T14:58:05.043Z"
        },
        {
            "id": "605e2e73d41eae1066535f80",
            "name": "Multicoin Capital Portfolio",
            "title": "Multicoin Capital Portfolio",
            "description": "Multicoin Capital Portfolio",
            "num_tokens": 32,
            "avg_price_change": -0.400387831507316,
            "market_cap": 3009403691694.5273,
            "market_cap_change": -0.301256567681,
            "volume": 93635192542.65405,
            "volume_change": -29.836120606881,
            "last_updated": "2021-03-26T23:29:46.673Z"
        },
        {
            "id": "605e2cc16507f27280c38980",
            "name": "Alameda Research Portfolio",
            "title": "Alameda Research Portfolio",
            "description": "Alameda Research Portfolio",
            "num_tokens": 60,
            "avg_price_change": -0.3983029641936,
            "market_cap": 3025066013242.8867,
            "market_cap_change": -0.300651744357,
            "volume": 94125314308.98471,
            "volume_change": -29.867687160189,
            "last_updated": "2021-03-26T22:52:34.852Z"
        },
        {
            "id": "605e2a01d41eae1066535f71",
            "name": "CMS Holdings Portfolio",
            "title": "CMS Holdings Portfolio",
            "description": "CMS Holdings Portfolio",
            "num_tokens": 34,
            "avg_price_change": -0.27883549655356127,
            "market_cap": 2878636471721.283,
            "market_cap_change": -0.402289266629,
            "volume": 92056853429.85748,
            "volume_change": -29.263444823786,
            "last_updated": "2021-03-26T21:14:27.160Z"
        },
        {
            "id": "60521ff1df5d3f36b84fbb61",
            "name": "Solana Ecosystem",
            "title": "Solana Ecosystem",
            "description": "Solana Ecosystem",
            "num_tokens": 2317,
            "avg_price_change": -1.4700021933146958,
            "market_cap": 274024258344.65662,
            "market_cap_change": -0.864663697061,
            "volume": 25034855918.023937,
            "volume_change": -18.755863064977,
            "last_updated": "2025-09-19T12:32:04.703Z"
        }
    ]
}
]]></system-out>
  </testcase>
  <testcase name="checkManyParamSlug" classname="APICategoriesTest" time="0.339"/>
  <testcase name="GetCategories429ErrorTest" classname="APICategoriesTest" time="4.605"/>
  <testcase name="checkFields" classname="APICategoriesTest" time="0.343">
    <failure message="1 expectation failed.&#10;Expected status code &lt;200&gt; but was &lt;429&gt;.&#10;" type="java.lang.AssertionError"><![CDATA[java.lang.AssertionError: 
1 expectation failed.
Expected status code <200> but was <429>.

	at APICategoriesTest.checkFields(APICategoriesTest.java:219)
]]></failure>
    <system-out><![CDATA[Request URI:	https://pro-api.coinmarketcap.com/v1/cryptocurrency/categories?id=6
]]></system-out>
  </testcase>
  <testcase name="GetCategories500ErrorTest" classname="APICategoriesTest" time="1.409"/>
  <testcase name="GetCategoriesWithoutAuth" classname="APICategoriesTest" time="0.291">
    <failure message="1 expectation failed.&#10;Expected status code &lt;401&gt; but was &lt;429&gt;.&#10;" type="java.lang.AssertionError"><![CDATA[java.lang.AssertionError: 
1 expectation failed.
Expected status code <401> but was <429>.

	at APICategoriesTest.GetCategoriesWithoutAuth(APICategoriesTest.java:56)
]]></failure>
  </testcase>
  <testcase name="checkParamLimit" classname="APICategoriesTest" time="0.294">
    <failure message="1 expectation failed.&#10;Expected status code &lt;200&gt; but was &lt;429&gt;.&#10;" type="java.lang.AssertionError"><![CDATA[java.lang.AssertionError: 
1 expectation failed.
Expected status code <200> but was <429>.

	at APICategoriesTest.checkParamLimit(APICategoriesTest.java:138)
]]></failure>
    <system-out><![CDATA[HTTP/1.1 429 Too Many Requests
Content-Type: application/json; charset=utf-8
Content-Length: 266
Connection: keep-alive
Date: Tue, 23 Sep 2025 17:58:17 GMT
Strict-Transport-Security: max-age=31536000; includeSubdomains
Server: Tengine
Cache-Control: no-cache
Vary: origin
X-Traefik-Route: coinmarketcap-pro-apis
X-Frame-Options: SAMEORIGIN
X-Xss-Protection: 1; mode=block
X-Content-Type-Options: nosniff
Referrer-Policy: origin-when-cross-origin
X-Cache: Error from cloudfront
Via: 1.1 39e0688c68ebcd07a1bbfce8ddbf6438.cloudfront.net (CloudFront)
X-Amz-Cf-Pop: BKK51-P1
X-Amz-Cf-Id: sJlgcKv3r70ZCH7ospG0lzZe7WvbCZm3WLTv_1bW7WnbLk__Aeg0QA==

{
    "status": {
        "timestamp": "2025-09-23T17:58:17.349Z",
        "error_code": 1008,
        "error_message": "You've exceeded your API Key's HTTP request rate limit. Rate limits reset every minute.",
        "elapsed": 0,
        "credit_count": 0
    }
}
]]></system-out>
  </testcase>
  <testcase name="checkParamStart" classname="APICategoriesTest" time="0.306">
    <failure message="1 expectation failed.&#10;Expected status code &lt;200&gt; but was &lt;429&gt;.&#10;" type="java.lang.AssertionError"><![CDATA[java.lang.AssertionError: 
1 expectation failed.
Expected status code <200> but was <429>.

	at APICategoriesTest.checkParamStart(APICategoriesTest.java:148)
]]></failure>
    <system-out><![CDATA[HTTP/1.1 429 Too Many Requests
Content-Type: application/json; charset=utf-8
Content-Length: 266
Connection: keep-alive
Date: Tue, 23 Sep 2025 17:58:17 GMT
Strict-Transport-Security: max-age=31536000; includeSubdomains
Server: Tengine
Cache-Control: no-cache
Vary: origin
X-Traefik-Route: coinmarketcap-pro-apis
X-Frame-Options: SAMEORIGIN
X-Xss-Protection: 1; mode=block
X-Content-Type-Options: nosniff
Referrer-Policy: origin-when-cross-origin
X-Cache: Error from cloudfront
Via: 1.1 ab366078ba2858344589e69017474ff8.cloudfront.net (CloudFront)
X-Amz-Cf-Pop: BKK51-P1
X-Amz-Cf-Id: YD8WKbdqp9wjEzAVNe6QHrNfQAmmgmE751fhz3WNi55_d6zJOVv1CA==

{
    "status": {
        "timestamp": "2025-09-23T17:58:17.644Z",
        "error_code": 1008,
        "error_message": "You've exceeded your API Key's HTTP request rate limit. Rate limits reset every minute.",
        "elapsed": 0,
        "credit_count": 0
    }
}
]]></system-out>
  </testcase>
  <testcase name="checkManyParamSymbol" classname="APICategoriesTest" time="0.292">
    <failure message="1 expectation failed.&#10;Expected status code &lt;200&gt; but was &lt;429&gt;.&#10;" type="java.lang.AssertionError"><![CDATA[java.lang.AssertionError: 
1 expectation failed.
Expected status code <200> but was <429>.

	at APICategoriesTest.checkManyParamSymbol(APICategoriesTest.java:208)
]]></failure>
    <system-out><![CDATA[Request URI:	https://pro-api.coinmarketcap.com/v1/cryptocurrency/categories?symbol=SOL%2CTRX
HTTP/1.1 429 Too Many Requests
Content-Type: application/json; charset=utf-8
Content-Length: 266
Connection: keep-alive
Date: Tue, 23 Sep 2025 17:58:17 GMT
Strict-Transport-Security: max-age=31536000; includeSubdomains
Server: Tengine
Cache-Control: no-cache
Vary: origin
X-Traefik-Route: coinmarketcap-pro-apis
X-Frame-Options: SAMEORIGIN
X-Xss-Protection: 1; mode=block
X-Content-Type-Options: nosniff
Referrer-Policy: origin-when-cross-origin
X-Cache: Error from cloudfront
Via: 1.1 ef66d2271605031a58a8744b4b25e8dc.cloudfront.net (CloudFront)
X-Amz-Cf-Pop: BKK51-P1
X-Amz-Cf-Id: kTVIGYjhgmfiFXZylXY8l3VkArdA5DoSxEi0B-rhAYcircMWNy_GcQ==

{
    "status": {
        "timestamp": "2025-09-23T17:58:17.962Z",
        "error_code": 1008,
        "error_message": "You've exceeded your API Key's HTTP request rate limit. Rate limits reset every minute.",
        "elapsed": 0,
        "credit_count": 0
    }
}
]]></system-out>
  </testcase>
</testsuite>